
********************************************************************************
                            Git Achievement Unlocked!                            

                         Apprentice Collector (Level 1)                         
       Fetches named heads or tags from another repository with git fetch       
********************************************************************************


********************************************************************************
                            Git Achievement Unlocked!                            

                         Apprentice Collector (Level 2)                         
       Fetches named heads or tags from another repository with git fetch       
********************************************************************************


********************************************************************************
                            Git Achievement Unlocked!                            

                        Apprentice Stone Mason (Level 1)                        
   Added files to the index area for inclusion in the next commit with git add   
********************************************************************************


********************************************************************************
                            Git Achievement Unlocked!                            

                        Apprentice Stone Mason (Level 2)                        
   Added files to the index area for inclusion in the next commit with git add   
********************************************************************************


********************************************************************************
                            Git Achievement Unlocked!                            

                           Apprentice Author (Level 1)                           
                     Made 2^Level commits using git commit.                     
********************************************************************************


********************************************************************************
                            Git Achievement Unlocked!                            

                         Apprentice Socialite (Level 1)                         
              pushed a branch to a remote repository using git push              
********************************************************************************


********************************************************************************
                            Git Achievement Unlocked!                            

                         Apprentice Blacksmith (Level 1)                         
                     Created a branch using git checkout -b.                     
********************************************************************************


********************************************************************************
                            Git Achievement Unlocked!                            

                        Apprentice Stone Mason (Level 3)                        
   Added files to the index area for inclusion in the next commit with git add   
********************************************************************************


********************************************************************************
                            Git Achievement Unlocked!                            

                           Apprentice Author (Level 2)                           
                     Made 2^Level commits using git commit.                     
********************************************************************************


********************************************************************************
                            Git Achievement Unlocked!                            

                         Apprentice Socialite (Level 2)                         
              pushed a branch to a remote repository using git push              
********************************************************************************


********************************************************************************
                            Git Achievement Unlocked!                            

                              Stone Mason (Level 4)                              
   Added files to the index area for inclusion in the next commit with git add   
********************************************************************************


********************************************************************************
                            Git Achievement Unlocked!                            

                         Apprentice Collector (Level 3)                         
       Fetches named heads or tags from another repository with git fetch       
********************************************************************************


********************************************************************************
                            Git Achievement Unlocked!                            

                         Apprentice Socialite (Level 3)                         
              pushed a branch to a remote repository using git push              
********************************************************************************


********************************************************************************
                            Git Achievement Unlocked!                            

                           Apprentice Author (Level 3)                           
                     Made 2^Level commits using git commit.                     
********************************************************************************


********************************************************************************
                            Git Achievement Unlocked!                            

                           Apprentice Banker (Level 1)                           
         Join two or more development histories together with git merge.         
********************************************************************************


********************************************************************************
                            Git Achievement Unlocked!                            

                              Stone Mason (Level 5)                              
   Added files to the index area for inclusion in the next commit with git add   
********************************************************************************


********************************************************************************
                            Git Achievement Unlocked!                            

                               Socialite (Level 4)                               
              pushed a branch to a remote repository using git push              
********************************************************************************


********************************************************************************
                            Git Achievement Unlocked!                            

                                Author (Level 4)                                
                     Made 2^Level commits using git commit.                     
********************************************************************************


********************************************************************************
                            Git Achievement Unlocked!                            

                         Apprentice Blacksmith (Level 2)                         
                     Created a branch using git checkout -b.                     
********************************************************************************


********************************************************************************
                            Git Achievement Unlocked!                            

                      Apprentice Product Manager (Level 1)                      
       Stash the changes in a dirty working directory away with git stash.       
********************************************************************************


********************************************************************************
                            Git Achievement Unlocked!                            

                               Socialite (Level 5)                               
              pushed a branch to a remote repository using git push              
********************************************************************************


********************************************************************************
                            Git Achievement Unlocked!                            

                         Apprentice Blacksmith (Level 3)                         
                     Created a branch using git checkout -b.                     
********************************************************************************


********************************************************************************
                            Git Achievement Unlocked!                            

                         Apprentice Seamstress (Level 1)                         
                    amended a commit with git commit --amend.                    
********************************************************************************


********************************************************************************
                            Git Achievement Unlocked!                            

                              Stone Mason (Level 6)                              
   Added files to the index area for inclusion in the next commit with git add   
********************************************************************************


********************************************************************************
                            Git Achievement Unlocked!                            

                                Author (Level 5)                                
                     Made 2^Level commits using git commit.                     
********************************************************************************


********************************************************************************
                            Git Achievement Unlocked!                            

                         Apprentice Historian (Level 1)                         
                    Investigate the commit log using git log.                    
********************************************************************************


********************************************************************************
                            Git Achievement Unlocked!                            

                      Apprentice Product Manager (Level 2)                      
       Stash the changes in a dirty working directory away with git stash.       
********************************************************************************


********************************************************************************
                            Git Achievement Unlocked!                            

                         Apprentice Seamstress (Level 2)                         
                    amended a commit with git commit --amend.                    
********************************************************************************


********************************************************************************
                            Git Achievement Unlocked!                            

                           Apprentice Banker (Level 2)                           
         Join two or more development histories together with git merge.         
********************************************************************************


********************************************************************************
                            Git Achievement Unlocked!                            

                          Master Stone Mason (Level 7)                          
   Added files to the index area for inclusion in the next commit with git add   
********************************************************************************


********************************************************************************
                            Git Achievement Unlocked!                            

                              Blacksmith (Level 4)                              
                     Created a branch using git checkout -b.                     
********************************************************************************


********************************************************************************
                            Git Achievement Unlocked!                            

                               Socialite (Level 6)                               
              pushed a branch to a remote repository using git push              
********************************************************************************


********************************************************************************
                            Git Achievement Unlocked!                            

                      Apprentice Product Manager (Level 3)                      
       Stash the changes in a dirty working directory away with git stash.       
********************************************************************************


********************************************************************************
                            Git Achievement Unlocked!                            

                               Collector (Level 4)                               
       Fetches named heads or tags from another repository with git fetch       
********************************************************************************


********************************************************************************
                            Git Achievement Unlocked!                            

                           Apprentice Banker (Level 3)                           
         Join two or more development histories together with git merge.         
********************************************************************************


********************************************************************************
                            Git Achievement Unlocked!                            

                                Author (Level 6)                                
                     Made 2^Level commits using git commit.                     
********************************************************************************


********************************************************************************
                            Git Achievement Unlocked!                            

                         Apprentice Seamstress (Level 3)                         
                    amended a commit with git commit --amend.                    
********************************************************************************


********************************************************************************
                            Git Achievement Unlocked!                            

                                  Cherry Picker                                  
 Used git cherry-pick to add a sha from another branch into the current branch. 
********************************************************************************


********************************************************************************
                            Git Achievement Unlocked!                            

                              Blacksmith (Level 5)                              
                     Created a branch using git checkout -b.                     
********************************************************************************


********************************************************************************
                            Git Achievement Unlocked!                            

                          Master Stone Mason (Level 8)                          
   Added files to the index area for inclusion in the next commit with git add   
********************************************************************************


********************************************************************************
                            Git Achievement Unlocked!                            

                                Banker (Level 4)                                
         Join two or more development histories together with git merge.         
********************************************************************************


********************************************************************************
                            Git Achievement Unlocked!                            

                            Product Manager (Level 4)                            
       Stash the changes in a dirty working directory away with git stash.       
********************************************************************************


********************************************************************************
                            Git Achievement Unlocked!                            

                           Master Socialite (Level 7)                           
              pushed a branch to a remote repository using git push              
********************************************************************************


********************************************************************************
                            Git Achievement Unlocked!                            

                            Apprentice Thug (Level 1)                            
                     Forced pushed a branch with git push -f                     
********************************************************************************


********************************************************************************
                            Git Achievement Unlocked!                            

                             Master Author (Level 7)                             
                     Made 2^Level commits using git commit.                     
********************************************************************************


********************************************************************************
                            Git Achievement Unlocked!                            

                               Collector (Level 5)                               
       Fetches named heads or tags from another repository with git fetch       
********************************************************************************


********************************************************************************
                            Git Achievement Unlocked!                            

                                Banker (Level 5)                                
         Join two or more development histories together with git merge.         
********************************************************************************


********************************************************************************
                            Git Achievement Unlocked!                            

                              Blacksmith (Level 6)                              
                     Created a branch using git checkout -b.                     
********************************************************************************


********************************************************************************
                            Git Achievement Unlocked!                            

                               Let there be light                               
                            Commit without a parent.                            
********************************************************************************


********************************************************************************
                            Git Achievement Unlocked!                            

                          Master Stone Mason (Level 9)                          
   Added files to the index area for inclusion in the next commit with git add   
********************************************************************************


********************************************************************************
                            Git Achievement Unlocked!                            

                           Master Socialite (Level 8)                           
              pushed a branch to a remote repository using git push              
********************************************************************************


********************************************************************************
                            Git Achievement Unlocked!                            

                                 Garage Inventor                                 
                      Used a custom alias for a Git command                      
********************************************************************************


********************************************************************************
                            Git Achievement Unlocked!                            

                         Apprentice Historian (Level 2)                         
                    Investigate the commit log using git log.                    
********************************************************************************


********************************************************************************
                            Git Achievement Unlocked!                            

                                    Caretaker                                    
                    Added a .gitignore file to a repository.                    
********************************************************************************


********************************************************************************
                            Git Achievement Unlocked!                            

                         Apprentice Architect (Level 1)                         
                     Created a new repository with git init.                     
********************************************************************************


********************************************************************************
                            Git Achievement Unlocked!                            

                         Apprentice Architect (Level 2)                         
                     Created a new repository with git init.                     
********************************************************************************


********************************************************************************
                            Git Achievement Unlocked!                            

                             Master Author (Level 8)                             
                     Made 2^Level commits using git commit.                     
********************************************************************************


********************************************************************************
                            Git Achievement Unlocked!                            

                               Collector (Level 6)                               
       Fetches named heads or tags from another repository with git fetch       
********************************************************************************


********************************************************************************
                            Git Achievement Unlocked!                            

                            Product Manager (Level 5)                            
       Stash the changes in a dirty working directory away with git stash.       
********************************************************************************


********************************************************************************
                            Git Achievement Unlocked!                            

                          Apprentice Merchant (Level 1)                          
                Added an external repository with git remote add.                
********************************************************************************


********************************************************************************
                            Git Achievement Unlocked!                            

                              Seamstress (Level 4)                              
                    amended a commit with git commit --amend.                    
********************************************************************************


********************************************************************************
                            Git Achievement Unlocked!                            

                          Master Stone Mason (Level 10)                          
   Added files to the index area for inclusion in the next commit with git add   
********************************************************************************


********************************************************************************
                            Git Achievement Unlocked!                            

                           Master Socialite (Level 9)                           
              pushed a branch to a remote repository using git push              
********************************************************************************


********************************************************************************
                            Git Achievement Unlocked!                            

                             Master Author (Level 9)                             
                     Made 2^Level commits using git commit.                     
********************************************************************************


********************************************************************************
                            Git Achievement Unlocked!                            

                              Seamstress (Level 5)                              
                    amended a commit with git commit --amend.                    
********************************************************************************


********************************************************************************
                            Git Achievement Unlocked!                            

                           Master Blacksmith (Level 7)                           
                     Created a branch using git checkout -b.                     
********************************************************************************


********************************************************************************
                            Git Achievement Unlocked!                            

                          Apprentice Merchant (Level 2)                          
                Added an external repository with git remote add.                
********************************************************************************


********************************************************************************
                            Git Achievement Unlocked!                            

                            Apprentice Thug (Level 2)                            
                     Forced pushed a branch with git push -f                     
********************************************************************************


********************************************************************************
                            Git Achievement Unlocked!                            

                           Master Collector (Level 7)                           
       Fetches named heads or tags from another repository with git fetch       
********************************************************************************


********************************************************************************
                            Git Achievement Unlocked!                            

                         Apprentice Architect (Level 3)                         
                     Created a new repository with git init.                     
********************************************************************************


********************************************************************************
                            Git Achievement Unlocked!                            

                      Apprentice Cathedral Worker (Level 1)                      
 Cloned submodule repository and checked out commits specified by superproject. 
********************************************************************************


********************************************************************************
                            Git Achievement Unlocked!                            

                          Apprentice Butcher (Level 1)                          
              Performed an interactive rebase using git rebase -i.              
********************************************************************************


********************************************************************************
                            Git Achievement Unlocked!                            

                            Product Manager (Level 6)                            
       Stash the changes in a dirty working directory away with git stash.       
********************************************************************************


********************************************************************************
                            Git Achievement Unlocked!                            

                    Apprentice Cathedral Architect (Level 1)                    
                       Added a submodule to a repository.                       
********************************************************************************


********************************************************************************
                            Git Achievement Unlocked!                            

                          Master Stone Mason (Level 11)                          
   Added files to the index area for inclusion in the next commit with git add   
********************************************************************************


********************************************************************************
                            Git Achievement Unlocked!                            

                          Apprentice Butcher (Level 2)                          
              Performed an interactive rebase using git rebase -i.              
********************************************************************************


********************************************************************************
                            Git Achievement Unlocked!                            

                                    Homeowner                                    
                   Set global email address using git config.                   
********************************************************************************


********************************************************************************
                            Git Achievement Unlocked!                            

                                    Baptised                                    
                     Set global user name using git config.                     
********************************************************************************


********************************************************************************
                            Git Achievement Unlocked!                            

                               Historian (Level 5)                               
                    Investigate the commit log using git log.                    
********************************************************************************


********************************************************************************
                            Git Achievement Unlocked!                            

                    Apprentice Cathedral Architect (Level 2)                    
                       Added a submodule to a repository.                       
********************************************************************************

